G:\XSHELL\RELEASE\REMOTECLIENT.EXE
G:\XSHELL\RELEASE\REMOTECLIENT.PDB
G:\XSHELL\REMOTECLIENT\RELEASE\__MAIN.OBJ
G:\XShell\RemoteClient\Release\cl.command.1.tlog
G:\XShell\RemoteClient\Release\CL.read.1.tlog
G:\XShell\RemoteClient\Release\CL.write.1.tlog
G:\XSHELL\REMOTECLIENT\RELEASE\CUBE_LEXER.OBJ
G:\XShell\RemoteClient\Release\link.command.1.tlog
G:\XShell\RemoteClient\Release\link.read.1.tlog
G:\XShell\RemoteClient\Release\link.write.1.tlog
G:\XSHELL\REMOTECLIENT\RELEASE\LNKFILE.OBJ
G:\XShell\RemoteClient\Release\mt.command.1.tlog
G:\XShell\RemoteClient\Release\mt.read.1.tlog
G:\XShell\RemoteClient\Release\mt.write.1.tlog
G:\XSHELL\REMOTECLIENT\RELEASE\REMOTECLIENT.EXE.INTERMEDIATE.MANIFEST
G:\XShell\RemoteClient\Release\RemoteClient.vcxprojResolveAssemblyReference.cache
G:\XShell\RemoteClient\Release\RemoteClient.write.1.tlog
G:\XSHELL\REMOTECLIENT\RELEASE\REMOTECLIENTFRAMEWORK.OBJ
G:\XSHELL\REMOTECLIENT\RELEASE\REMOTECLIENTNET.OBJ
G:\XSHELL\REMOTECLIENT\RELEASE\SCREENSHOT.OBJ
G:\XSHELL\REMOTECLIENT\RELEASE\VC100.PDB
G:\XSHELL\REMOTECLIENT\RELEASE\XSHELLPROCESS.OBJ
