生成启动时间为 2015/10/31 20:11:18。
     1>项目“G:\XShell\RemoteClient\RemoteClient.vcxproj”在节点 4 上(build 个目标)。
     1>InitializeBuildStatus:
         正在创建“Release\RemoteClient.unsuccessfulbuild”，因为已指定“AlwaysCreate”。
       ClCompile:
         F:\Program Files (x86)\VS\VC\bin\CL.exe /c /Zi /nologo /W3 /WX- /O2 /Oi /Oy- /GL /D _MBCS /Gm- /EHsc /MT /GS /Gy /fp:precise /Zc:wchar_t /Zc:forScope /Fo"Release\\" /Fd"Release\vc100.pdb" /Gd /TP /analyze- /errorReport:prompt ..\Common\src\CmdProcess.cpp RemoteClientFrameWork.cpp RemoteClientNet.cpp __Main.cpp
         CmdProcess.cpp
     1>g:\xshell\common\inc\../../XInfester/inc/XInfester.h(28): warning C4996: 'strcpy': This function or variable may be unsafe. Consider using strcpy_s instead. To disable deprecation, use _CRT_SECURE_NO_WARNINGS. See online help for details.
                 F:\Program Files (x86)\VS\VC\include\string.h(105) : 参见“strcpy”的声明
     1>g:\xshell\remoteclient\../Common/inc/RemoteShellNetPacket.h(107): warning C4996: 'strcpy': This function or variable may be unsafe. Consider using strcpy_s instead. To disable deprecation, use _CRT_SECURE_NO_WARNINGS. See online help for details.
                 F:\Program Files (x86)\VS\VC\include\string.h(105) : 参见“strcpy”的声明
     1>..\Common\src\CmdProcess.cpp(99): warning C4996: 'strupr': The POSIX name for this item is deprecated. Instead, use the ISO C++ conformant name: _strupr. See online help for details.
                 F:\Program Files (x86)\VS\VC\include\string.h(252) : 参见“strupr”的声明
     1>..\Common\src\CmdProcess.cpp(102): warning C4996: 'strtok': This function or variable may be unsafe. Consider using strtok_s instead. To disable deprecation, use _CRT_SECURE_NO_WARNINGS. See online help for details.
                 F:\Program Files (x86)\VS\VC\include\string.h(197) : 参见“strtok”的声明
     1>..\Common\src\CmdProcess.cpp(103): warning C4996: 'strtok': This function or variable may be unsafe. Consider using strtok_s instead. To disable deprecation, use _CRT_SECURE_NO_WARNINGS. See online help for details.
                 F:\Program Files (x86)\VS\VC\include\string.h(197) : 参见“strtok”的声明
     1>..\Common\src\CmdProcess.cpp(105): warning C4995: “strcpy”: 名称被标记为 #pragma deprecated
     1>..\Common\src\CmdProcess.cpp(105): warning C4996: 'strcpy': This function or variable may be unsafe. Consider using strcpy_s instead. To disable deprecation, use _CRT_SECURE_NO_WARNINGS. See online help for details.
                 F:\Program Files (x86)\VS\VC\include\string.h(105) : 参见“strcpy”的声明
     1>..\Common\src\CmdProcess.cpp(106): warning C4018: “<”: 有符号/无符号不匹配
     1>..\Common\src\CmdProcess.cpp(125): warning C4996: 'strupr': The POSIX name for this item is deprecated. Instead, use the ISO C++ conformant name: _strupr. See online help for details.
                 F:\Program Files (x86)\VS\VC\include\string.h(252) : 参见“strupr”的声明
     1>..\Common\src\CmdProcess.cpp(127): warning C4996: 'strtok': This function or variable may be unsafe. Consider using strtok_s instead. To disable deprecation, use _CRT_SECURE_NO_WARNINGS. See online help for details.
                 F:\Program Files (x86)\VS\VC\include\string.h(197) : 参见“strtok”的声明
     1>..\Common\src\CmdProcess.cpp(128): warning C4996: 'strtok': This function or variable may be unsafe. Consider using strtok_s instead. To disable deprecation, use _CRT_SECURE_NO_WARNINGS. See online help for details.
                 F:\Program Files (x86)\VS\VC\include\string.h(197) : 参见“strtok”的声明
     1>..\Common\src\CmdProcess.cpp(130): warning C4995: “strcpy”: 名称被标记为 #pragma deprecated
     1>..\Common\src\CmdProcess.cpp(130): warning C4996: 'strcpy': This function or variable may be unsafe. Consider using strcpy_s instead. To disable deprecation, use _CRT_SECURE_NO_WARNINGS. See online help for details.
                 F:\Program Files (x86)\VS\VC\include\string.h(105) : 参见“strcpy”的声明
     1>..\Common\src\CmdProcess.cpp(131): warning C4018: “<”: 有符号/无符号不匹配
     1>..\Common\src\CmdProcess.cpp(257): warning C4996: 'fopen': This function or variable may be unsafe. Consider using fopen_s instead. To disable deprecation, use _CRT_SECURE_NO_WARNINGS. See online help for details.
                 F:\Program Files (x86)\VS\VC\include\stdio.h(234) : 参见“fopen”的声明
     1>..\Common\src\CmdProcess.cpp(200): warning C4101: “hbmfile”: 未引用的局部变量
     1>..\Common\src\CmdProcess.cpp(201): warning C4101: “dwWritten”: 未引用的局部变量
         RemoteClientFrameWork.cpp
     1>g:\xshell\remoteclient\../Common/inc/RemoteShellNetPacket.h(107): warning C4996: 'strcpy': This function or variable may be unsafe. Consider using strcpy_s instead. To disable deprecation, use _CRT_SECURE_NO_WARNINGS. See online help for details.
                 F:\Program Files (x86)\VS\VC\include\string.h(105) : 参见“strcpy”的声明
     1>g:\xshell\common\inc\../../XInfester/inc/XInfester.h(28): warning C4995: “strcpy”: 名称被标记为 #pragma deprecated
     1>g:\xshell\common\inc\../../XInfester/inc/XInfester.h(28): warning C4996: 'strcpy': This function or variable may be unsafe. Consider using strcpy_s instead. To disable deprecation, use _CRT_SECURE_NO_WARNINGS. See online help for details.
                 F:\Program Files (x86)\VS\VC\include\string.h(105) : 参见“strcpy”的声明
         RemoteClientNet.cpp
     1>g:\xshell\remoteclient\../Common/inc/RemoteShellNetPacket.h(107): warning C4996: 'strcpy': This function or variable may be unsafe. Consider using strcpy_s instead. To disable deprecation, use _CRT_SECURE_NO_WARNINGS. See online help for details.
                 F:\Program Files (x86)\VS\VC\include\string.h(105) : 参见“strcpy”的声明
     1>g:\xshell\common\inc\../../XInfester/inc/XInfester.h(28): warning C4995: “strcpy”: 名称被标记为 #pragma deprecated
     1>g:\xshell\common\inc\../../XInfester/inc/XInfester.h(28): warning C4996: 'strcpy': This function or variable may be unsafe. Consider using strcpy_s instead. To disable deprecation, use _CRT_SECURE_NO_WARNINGS. See online help for details.
                 F:\Program Files (x86)\VS\VC\include\string.h(105) : 参见“strcpy”的声明
         __Main.cpp
     1>g:\xshell\remoteclient\../Common/inc/RemoteShellNetPacket.h(107): warning C4996: 'strcpy': This function or variable may be unsafe. Consider using strcpy_s instead. To disable deprecation, use _CRT_SECURE_NO_WARNINGS. See online help for details.
                 F:\Program Files (x86)\VS\VC\include\string.h(105) : 参见“strcpy”的声明
     1>g:\xshell\common\inc\../../XInfester/inc/XInfester.h(28): warning C4995: “strcpy”: 名称被标记为 #pragma deprecated
     1>g:\xshell\common\inc\../../XInfester/inc/XInfester.h(28): warning C4996: 'strcpy': This function or variable may be unsafe. Consider using strcpy_s instead. To disable deprecation, use _CRT_SECURE_NO_WARNINGS. See online help for details.
                 F:\Program Files (x86)\VS\VC\include\string.h(105) : 参见“strcpy”的声明
       Link:
         F:\Program Files (x86)\VS\VC\bin\link.exe /ERRORREPORT:PROMPT /OUT:"G:\XShell\Release\RemoteClient.exe" /NOLOGO kernel32.lib user32.lib gdi32.lib winspool.lib comdlg32.lib advapi32.lib shell32.lib ole32.lib oleaut32.lib uuid.lib odbc32.lib odbccp32.lib /MANIFEST /ManifestFile:"Release\RemoteClient.exe.intermediate.manifest" /MANIFESTUAC:"level='requireAdministrator' uiAccess='false'" /DEBUG /PDB:"G:\XShell\Release\RemoteClient.pdb" /OPT:REF /OPT:ICF /LTCG /TLBID:1 /DYNAMICBASE /NXCOMPAT /IMPLIB:"G:\XShell\Release\RemoteClient.lib" /MACHINE:X86 Release\CmdProcess.obj
         Release\ScreenShot.obj
         Release\RemoteClientFrameWork.obj
         Release\RemoteClientNet.obj
         Release\__Main.obj
         G:\XShell\Release\CubeSocket.lib
         G:\XShell\Release\ParallelFileTransfer.lib
         G:\XShell\Release\XInfester.lib /NODEFAULTLIB:library 
         正在生成代码
         已完成代码的生成
         RemoteClient.vcxproj -> G:\XShell\Release\RemoteClient.exe
       Manifest:
         C:\Program Files (x86)\Microsoft SDKs\Windows\v7.0A\bin\mt.exe /nologo /verbose /outputresource:"G:\XShell\Release\RemoteClient.exe;#1" /manifest Release\RemoteClient.exe.intermediate.manifest
       FinalizeBuildStatus:
         正在删除文件“Release\RemoteClient.unsuccessfulbuild”。
         正在对“Release\RemoteClient.lastbuildstate”执行 Touch 任务。
     1>已完成生成项目“G:\XShell\RemoteClient\RemoteClient.vcxproj”(build 个目标)的操作。

生成成功。

已用时间 00:00:02.81
