生成启动时间为 2015/10/9 23:03:51。
     1>项目“G:\XShell\RemoteServer\RemoteServer.vcxproj”在节点 3 上(build 个目标)。
     1>InitializeBuildStatus:
         正在创建“Release\RemoteServer.unsuccessfulbuild”，因为已指定“AlwaysCreate”。
       ClCompile:
         F:\Program Files (x86)\VS\VC\bin\CL.exe /c /Zi /nologo /W3 /WX- /O2 /Oi /Oy- /GL /D _MBCS /Gm- /EHsc /MT /GS /Gy /fp:precise /Zc:wchar_t /Zc:forScope /Fo"Release\\" /Fd"Release\vc100.pdb" /Gd /TP /analyze- /errorReport:prompt RemoteServerFrameWork.cpp RemoteServerNet.cpp __Main.cpp
         RemoteServerFrameWork.cpp
     1>g:\xshell\remoteserver\../Common/inc/RemoteShellNetPacket.h(104): warning C4996: 'strcpy': This function or variable may be unsafe. Consider using strcpy_s instead. To disable deprecation, use _CRT_SECURE_NO_WARNINGS. See online help for details.
                 F:\Program Files (x86)\VS\VC\include\string.h(105) : 参见“strcpy”的声明
     1>F:\Program Files (x86)\VS\VC\include\cstdio(48): warning C4995: “gets”: 名称被标记为 #pragma deprecated
     1>F:\Program Files (x86)\VS\VC\include\cstdio(52): warning C4995: “sprintf”: 名称被标记为 #pragma deprecated
     1>F:\Program Files (x86)\VS\VC\include\cstdio(55): warning C4995: “vsprintf”: 名称被标记为 #pragma deprecated
     1>F:\Program Files (x86)\VS\VC\include\cstring(21): warning C4995: “strcat”: 名称被标记为 #pragma deprecated
     1>F:\Program Files (x86)\VS\VC\include\cstring(22): warning C4995: “strcpy”: 名称被标记为 #pragma deprecated
     1>F:\Program Files (x86)\VS\VC\include\cwchar(30): warning C4995: “swprintf”: 名称被标记为 #pragma deprecated
     1>F:\Program Files (x86)\VS\VC\include\cwchar(31): warning C4995: “vswprintf”: 名称被标记为 #pragma deprecated
     1>F:\Program Files (x86)\VS\VC\include\cwchar(33): warning C4995: “wcscat”: 名称被标记为 #pragma deprecated
     1>F:\Program Files (x86)\VS\VC\include\cwchar(35): warning C4995: “wcscpy”: 名称被标记为 #pragma deprecated
     1>F:\Program Files (x86)\VS\VC\include\intrin.h(1087): warning C4995: “wcscat”: 名称被标记为 #pragma deprecated
     1>F:\Program Files (x86)\VS\VC\include\intrin.h(1089): warning C4995: “wcscpy”: 名称被标记为 #pragma deprecated
         RemoteServerNet.cpp
     1>g:\xshell\remoteserver\../Common/inc/RemoteShellNetPacket.h(104): warning C4995: “strcpy”: 名称被标记为 #pragma deprecated
     1>g:\xshell\remoteserver\../Common/inc/RemoteShellNetPacket.h(104): warning C4996: 'strcpy': This function or variable may be unsafe. Consider using strcpy_s instead. To disable deprecation, use _CRT_SECURE_NO_WARNINGS. See online help for details.
                 F:\Program Files (x86)\VS\VC\include\string.h(105) : 参见“strcpy”的声明
     1>F:\Program Files (x86)\VS\VC\include\cstdio(48): warning C4995: “gets”: 名称被标记为 #pragma deprecated
     1>F:\Program Files (x86)\VS\VC\include\cstdio(52): warning C4995: “sprintf”: 名称被标记为 #pragma deprecated
     1>F:\Program Files (x86)\VS\VC\include\cstdio(55): warning C4995: “vsprintf”: 名称被标记为 #pragma deprecated
     1>F:\Program Files (x86)\VS\VC\include\cstring(21): warning C4995: “strcat”: 名称被标记为 #pragma deprecated
     1>F:\Program Files (x86)\VS\VC\include\cstring(22): warning C4995: “strcpy”: 名称被标记为 #pragma deprecated
     1>F:\Program Files (x86)\VS\VC\include\cwchar(30): warning C4995: “swprintf”: 名称被标记为 #pragma deprecated
     1>F:\Program Files (x86)\VS\VC\include\cwchar(31): warning C4995: “vswprintf”: 名称被标记为 #pragma deprecated
     1>F:\Program Files (x86)\VS\VC\include\cwchar(33): warning C4995: “wcscat”: 名称被标记为 #pragma deprecated
     1>F:\Program Files (x86)\VS\VC\include\cwchar(35): warning C4995: “wcscpy”: 名称被标记为 #pragma deprecated
     1>F:\Program Files (x86)\VS\VC\include\intrin.h(1087): warning C4995: “wcscat”: 名称被标记为 #pragma deprecated
     1>F:\Program Files (x86)\VS\VC\include\intrin.h(1089): warning C4995: “wcscpy”: 名称被标记为 #pragma deprecated
         __Main.cpp
     1>g:\xshell\remoteserver\../Common/inc/RemoteShellNetPacket.h(104): warning C4996: 'strcpy': This function or variable may be unsafe. Consider using strcpy_s instead. To disable deprecation, use _CRT_SECURE_NO_WARNINGS. See online help for details.
                 F:\Program Files (x86)\VS\VC\include\string.h(105) : 参见“strcpy”的声明
     1>F:\Program Files (x86)\VS\VC\include\cstdio(48): warning C4995: “gets”: 名称被标记为 #pragma deprecated
     1>F:\Program Files (x86)\VS\VC\include\cstdio(52): warning C4995: “sprintf”: 名称被标记为 #pragma deprecated
     1>F:\Program Files (x86)\VS\VC\include\cstdio(55): warning C4995: “vsprintf”: 名称被标记为 #pragma deprecated
     1>F:\Program Files (x86)\VS\VC\include\cstring(21): warning C4995: “strcat”: 名称被标记为 #pragma deprecated
     1>F:\Program Files (x86)\VS\VC\include\cstring(22): warning C4995: “strcpy”: 名称被标记为 #pragma deprecated
     1>F:\Program Files (x86)\VS\VC\include\cwchar(30): warning C4995: “swprintf”: 名称被标记为 #pragma deprecated
     1>F:\Program Files (x86)\VS\VC\include\cwchar(31): warning C4995: “vswprintf”: 名称被标记为 #pragma deprecated
     1>F:\Program Files (x86)\VS\VC\include\cwchar(33): warning C4995: “wcscat”: 名称被标记为 #pragma deprecated
     1>F:\Program Files (x86)\VS\VC\include\cwchar(35): warning C4995: “wcscpy”: 名称被标记为 #pragma deprecated
     1>F:\Program Files (x86)\VS\VC\include\intrin.h(1087): warning C4995: “wcscat”: 名称被标记为 #pragma deprecated
     1>F:\Program Files (x86)\VS\VC\include\intrin.h(1089): warning C4995: “wcscpy”: 名称被标记为 #pragma deprecated
       Link:
         F:\Program Files (x86)\VS\VC\bin\link.exe /ERRORREPORT:PROMPT /OUT:"G:\XShell\Release\RemoteServer.exe" /NOLOGO /MANIFEST /ManifestFile:"Release\RemoteServer.exe.intermediate.manifest" /MANIFESTUAC:"level='asInvoker' uiAccess='false'" /DEBUG /PDB:"G:\XShell\Release\RemoteServer.pdb" /OPT:REF /OPT:ICF /LTCG /TLBID:1 /DYNAMICBASE /NXCOMPAT /IMPLIB:"G:\XShell\Release\RemoteServer.lib" /MACHINE:X86 Release\RemoteServerFrameWork.obj
         Release\RemoteServerNet.obj
         Release\__Main.obj
         G:\XShell\Release\CubeSocket.lib
         正在生成代码
         已完成代码的生成
         RemoteServer.vcxproj -> G:\XShell\Release\RemoteServer.exe
       Manifest:
         C:\Program Files (x86)\Microsoft SDKs\Windows\v7.0A\bin\mt.exe /nologo /verbose /outputresource:"G:\XShell\Release\RemoteServer.exe;#1" /manifest Release\RemoteServer.exe.intermediate.manifest "F:\Program Files (x86)\VS\VC\Include\Manifest\dpiaware.manifest"
       FinalizeBuildStatus:
         正在删除文件“Release\RemoteServer.unsuccessfulbuild”。
         正在对“Release\RemoteServer.lastbuildstate”执行 Touch 任务。
     1>已完成生成项目“G:\XShell\RemoteServer\RemoteServer.vcxproj”(build 个目标)的操作。

生成成功。

已用时间 00:00:01.19
