生成启动时间为 2015/10/18 17:41:20。
     1>项目“G:\XShell\RemoteServer\RemoteServer.vcxproj”在节点 2 上(build 个目标)。
     1>InitializeBuildStatus:
         正在创建“Debug\RemoteServer.unsuccessfulbuild”，因为已指定“AlwaysCreate”。
       ClCompile:
         F:\Program Files (x86)\VS\VC\bin\CL.exe /c /ZI /nologo /W3 /WX- /Od /Oy- /D _MBCS /Gm /EHsc /RTC1 /MDd /GS /fp:precise /Zc:wchar_t /Zc:forScope /Fo"Debug\\" /Fd"Debug\vc100.pdb" /Gd /TP /analyze- /errorReport:prompt RemoteServerFrameWork.cpp RemoteServerNet.cpp __Main.cpp
         RemoteServerFrameWork.cpp
     1>g:\xshell\common\inc\remoteshellnetpacket.h(107): warning C4996: 'strcpy': This function or variable may be unsafe. Consider using strcpy_s instead. To disable deprecation, use _CRT_SECURE_NO_WARNINGS. See online help for details.
                 f:\program files (x86)\vs\vc\include\string.h(105) : 参见“strcpy”的声明
     1>f:\program files (x86)\vs\vc\include\cstdio(48): warning C4995: “gets”: 名称被标记为 #pragma deprecated
     1>f:\program files (x86)\vs\vc\include\cstdio(52): warning C4995: “sprintf”: 名称被标记为 #pragma deprecated
     1>f:\program files (x86)\vs\vc\include\cstdio(55): warning C4995: “vsprintf”: 名称被标记为 #pragma deprecated
     1>f:\program files (x86)\vs\vc\include\cstring(21): warning C4995: “strcat”: 名称被标记为 #pragma deprecated
     1>f:\program files (x86)\vs\vc\include\cstring(22): warning C4995: “strcpy”: 名称被标记为 #pragma deprecated
     1>f:\program files (x86)\vs\vc\include\cwchar(30): warning C4995: “swprintf”: 名称被标记为 #pragma deprecated
     1>f:\program files (x86)\vs\vc\include\cwchar(31): warning C4995: “vswprintf”: 名称被标记为 #pragma deprecated
     1>f:\program files (x86)\vs\vc\include\cwchar(33): warning C4995: “wcscat”: 名称被标记为 #pragma deprecated
     1>f:\program files (x86)\vs\vc\include\cwchar(35): warning C4995: “wcscpy”: 名称被标记为 #pragma deprecated
     1>f:\program files (x86)\vs\vc\include\intrin.h(1087): warning C4995: “wcscat”: 名称被标记为 #pragma deprecated
     1>f:\program files (x86)\vs\vc\include\intrin.h(1089): warning C4995: “wcscpy”: 名称被标记为 #pragma deprecated
         正在生成代码...
         正在编译...
         __Main.cpp
     1>g:\xshell\common\inc\remoteshellnetpacket.h(107): warning C4996: 'strcpy': This function or variable may be unsafe. Consider using strcpy_s instead. To disable deprecation, use _CRT_SECURE_NO_WARNINGS. See online help for details.
                 f:\program files (x86)\vs\vc\include\string.h(105) : 参见“strcpy”的声明
     1>f:\program files (x86)\vs\vc\include\cstdio(48): warning C4995: “gets”: 名称被标记为 #pragma deprecated
     1>f:\program files (x86)\vs\vc\include\cstdio(52): warning C4995: “sprintf”: 名称被标记为 #pragma deprecated
     1>f:\program files (x86)\vs\vc\include\cstdio(55): warning C4995: “vsprintf”: 名称被标记为 #pragma deprecated
     1>f:\program files (x86)\vs\vc\include\cstring(21): warning C4995: “strcat”: 名称被标记为 #pragma deprecated
     1>f:\program files (x86)\vs\vc\include\cstring(22): warning C4995: “strcpy”: 名称被标记为 #pragma deprecated
     1>f:\program files (x86)\vs\vc\include\cwchar(30): warning C4995: “swprintf”: 名称被标记为 #pragma deprecated
     1>f:\program files (x86)\vs\vc\include\cwchar(31): warning C4995: “vswprintf”: 名称被标记为 #pragma deprecated
     1>f:\program files (x86)\vs\vc\include\cwchar(33): warning C4995: “wcscat”: 名称被标记为 #pragma deprecated
     1>f:\program files (x86)\vs\vc\include\cwchar(35): warning C4995: “wcscpy”: 名称被标记为 #pragma deprecated
     1>f:\program files (x86)\vs\vc\include\intrin.h(1087): warning C4995: “wcscat”: 名称被标记为 #pragma deprecated
     1>f:\program files (x86)\vs\vc\include\intrin.h(1089): warning C4995: “wcscpy”: 名称被标记为 #pragma deprecated
         RemoteServerNet.cpp
     1>g:\xshell\common\inc\remoteshellnetpacket.h(107): warning C4995: “strcpy”: 名称被标记为 #pragma deprecated
     1>g:\xshell\common\inc\remoteshellnetpacket.h(107): warning C4996: 'strcpy': This function or variable may be unsafe. Consider using strcpy_s instead. To disable deprecation, use _CRT_SECURE_NO_WARNINGS. See online help for details.
                 f:\program files (x86)\vs\vc\include\string.h(105) : 参见“strcpy”的声明
     1>f:\program files (x86)\vs\vc\include\cstdio(48): warning C4995: “gets”: 名称被标记为 #pragma deprecated
     1>f:\program files (x86)\vs\vc\include\cstdio(52): warning C4995: “sprintf”: 名称被标记为 #pragma deprecated
     1>f:\program files (x86)\vs\vc\include\cstdio(55): warning C4995: “vsprintf”: 名称被标记为 #pragma deprecated
     1>f:\program files (x86)\vs\vc\include\cstring(21): warning C4995: “strcat”: 名称被标记为 #pragma deprecated
     1>f:\program files (x86)\vs\vc\include\cstring(22): warning C4995: “strcpy”: 名称被标记为 #pragma deprecated
     1>f:\program files (x86)\vs\vc\include\cwchar(30): warning C4995: “swprintf”: 名称被标记为 #pragma deprecated
     1>f:\program files (x86)\vs\vc\include\cwchar(31): warning C4995: “vswprintf”: 名称被标记为 #pragma deprecated
     1>f:\program files (x86)\vs\vc\include\cwchar(33): warning C4995: “wcscat”: 名称被标记为 #pragma deprecated
     1>f:\program files (x86)\vs\vc\include\cwchar(35): warning C4995: “wcscpy”: 名称被标记为 #pragma deprecated
     1>f:\program files (x86)\vs\vc\include\intrin.h(1087): warning C4995: “wcscat”: 名称被标记为 #pragma deprecated
     1>f:\program files (x86)\vs\vc\include\intrin.h(1089): warning C4995: “wcscpy”: 名称被标记为 #pragma deprecated
         正在生成代码...
       Link:
         F:\Program Files (x86)\VS\VC\bin\link.exe /ERRORREPORT:PROMPT /OUT:"G:\XShell\Debug\RemoteServer.exe" /NOLOGO kernel32.lib user32.lib gdi32.lib winspool.lib comdlg32.lib advapi32.lib shell32.lib ole32.lib oleaut32.lib uuid.lib odbc32.lib odbccp32.lib /MANIFEST /ManifestFile:"Debug\RemoteServer.exe.intermediate.manifest" /MANIFESTUAC:"level='asInvoker' uiAccess='false'" /DEBUG /PDB:"G:\XShell\Debug\RemoteServer.pdb" /TLBID:1 /DYNAMICBASE /NXCOMPAT /IMPLIB:"G:\XShell\Debug\RemoteServer.lib" /MACHINE:X86 Debug\RemoteServerFrameWork.obj
         Debug\RemoteServerNet.obj
         Debug\__Main.obj
         G:\XShell\Debug\CubeSocket.lib
         LINK : 没有找到 G:\XShell\Debug\RemoteServer.exe 或上一个增量链接没有生成它；正在执行完全链接
     1>LINK : warning LNK4098: 默认库“LIBCMTD”与其他库的使用冲突；请使用 /NODEFAULTLIB:library
         RemoteServer.vcxproj -> G:\XShell\Debug\RemoteServer.exe
       Manifest:
         C:\Program Files (x86)\Microsoft SDKs\Windows\v7.0A\bin\mt.exe /nologo /verbose /outputresource:"G:\XShell\Debug\RemoteServer.exe;#1" /manifest Debug\RemoteServer.exe.intermediate.manifest
       FinalizeBuildStatus:
         正在删除文件“Debug\RemoteServer.unsuccessfulbuild”。
         正在对“Debug\RemoteServer.lastbuildstate”执行 Touch 任务。
     1>已完成生成项目“G:\XShell\RemoteServer\RemoteServer.vcxproj”(build 个目标)的操作。

生成成功。

已用时间 00:00:01.32
