D:\XSHELL\DEBUG\XSHELLREDIRCALLER.EXE
D:\XSHELL\DEBUG\XSHELLREDIRCALLER.ILK
D:\XSHELL\DEBUG\XSHELLREDIRCALLER.PDB
D:\XSHELL\XSHELLREDIRCALLER\DEBUG\__MAIN.OBJ
D:\XShell\XShellRedirCaller\Debug\cl.command.1.tlog
D:\XShell\XShellRedirCaller\Debug\CL.read.1.tlog
D:\XShell\XShellRedirCaller\Debug\CL.write.1.tlog
D:\XShell\XShellRedirCaller\Debug\link.command.1.tlog
D:\XShell\XShellRedirCaller\Debug\link.read.1.tlog
D:\XShell\XShellRedirCaller\Debug\link.write.1.tlog
D:\XShell\XShellRedirCaller\Debug\link-cvtres.read.1.tlog
D:\XShell\XShellRedirCaller\Debug\link-cvtres.write.1.tlog
D:\XShell\XShellRedirCaller\Debug\mt.command.1.tlog
D:\XShell\XShellRedirCaller\Debug\mt.read.1.tlog
D:\XShell\XShellRedirCaller\Debug\mt.write.1.tlog
D:\XShell\XShellRedirCaller\Debug\rc.command.1.tlog
D:\XShell\XShellRedirCaller\Debug\rc.read.1.tlog
D:\XShell\XShellRedirCaller\Debug\rc.write.1.tlog
D:\XShell\XShellRedirCaller\Debug\vc100.idb
D:\XSHELL\XSHELLREDIRCALLER\DEBUG\VC100.PDB
D:\XSHELL\XSHELLREDIRCALLER\DEBUG\XSHELLREDIRCALLER.EXE.EMBED.MANIFEST
D:\XSHELL\XSHELLREDIRCALLER\DEBUG\XSHELLREDIRCALLER.EXE.EMBED.MANIFEST.RES
D:\XSHELL\XSHELLREDIRCALLER\DEBUG\XSHELLREDIRCALLER.EXE.INTERMEDIATE.MANIFEST
D:\XSHELL\XSHELLREDIRCALLER\DEBUG\XSHELLREDIRCALLER.RES
D:\XShell\XShellRedirCaller\Debug\XShellRedirCaller.vcxprojResolveAssemblyReference.cache
D:\XShell\XShellRedirCaller\Debug\XShellRedirCaller.write.1.tlog
D:\XShell\XShellRedirCaller\Debug\XShellRedirCaller_manifest.rc
