D:\XSHELL\DEBUG\REMOTECLIENT.EXE
D:\XSHELL\DEBUG\REMOTECLIENT.ILK
D:\XSHELL\DEBUG\REMOTECLIENT.PDB
D:\XSHELL\REMOTECLIENT\DEBUG\__MAIN.OBJ
D:\XShell\RemoteClient\Debug\cl.command.1.tlog
D:\XShell\RemoteClient\Debug\CL.read.1.tlog
D:\XShell\RemoteClient\Debug\CL.write.1.tlog
D:\XSHELL\REMOTECLIENT\DEBUG\CUBE_LEXER.OBJ
D:\XShell\RemoteClient\Debug\link.command.1.tlog
D:\XShell\RemoteClient\Debug\link.read.1.tlog
D:\XShell\RemoteClient\Debug\link.write.1.tlog
D:\XSHELL\REMOTECLIENT\DEBUG\LNKFILE.OBJ
D:\XShell\RemoteClient\Debug\mt.command.1.tlog
D:\XShell\RemoteClient\Debug\mt.read.1.tlog
D:\XShell\RemoteClient\Debug\mt.write.1.tlog
D:\XSHELL\REMOTECLIENT\DEBUG\REMOTECLIENT.EXE.INTERMEDIATE.MANIFEST
D:\XShell\RemoteClient\Debug\RemoteClient.write.1.tlog
D:\XSHELL\REMOTECLIENT\DEBUG\REMOTECLIENTFRAMEWORK.OBJ
D:\XSHELL\REMOTECLIENT\DEBUG\REMOTECLIENTNET.OBJ
D:\XSHELL\REMOTECLIENT\DEBUG\SCREENSHOT.OBJ
D:\XShell\RemoteClient\Debug\vc100.idb
D:\XSHELL\REMOTECLIENT\DEBUG\VC100.PDB
D:\XSHELL\REMOTECLIENT\DEBUG\XSHELLPROCESS.OBJ
