生成启动时间为 2015/10/12 21:00:29。
     1>项目“G:\XShell\RemoteClient\RemoteClient.vcxproj”在节点 2 上(build 个目标)。
     1>InitializeBuildStatus:
         正在创建“Debug\RemoteClient.unsuccessfulbuild”，因为已指定“AlwaysCreate”。
       ClCompile:
         所有输出均为最新。
       Link:
         F:\Program Files (x86)\VS\VC\bin\link.exe /ERRORREPORT:PROMPT /OUT:"G:\XShell\Debug\RemoteClient.exe" /NOLOGO kernel32.lib user32.lib gdi32.lib winspool.lib comdlg32.lib advapi32.lib shell32.lib ole32.lib oleaut32.lib uuid.lib odbc32.lib odbccp32.lib /MANIFEST /ManifestFile:"Debug\RemoteClient.exe.intermediate.manifest" /MANIFESTUAC:"level='requireAdministrator' uiAccess='false'" /DEBUG /PDB:"G:\XShell\Debug\RemoteClient.pdb" /TLBID:1 /DYNAMICBASE /NXCOMPAT /IMPLIB:"G:\XShell\Debug\RemoteClient.lib" /MACHINE:X86 Debug\CmdProcess.obj
         Debug\RemoteClientFrameWork.obj
         Debug\RemoteClientNet.obj
         Debug\__Main.obj
         G:\XShell\Debug\CubeSocket.lib
         G:\XShell\Debug\XInfester.lib
         LINK : 没有找到 G:\XShell\Debug\RemoteClient.exe 或上一个增量链接没有生成它；正在执行完全链接
     1>LINK : warning LNK4098: 默认库“LIBCMTD”与其他库的使用冲突；请使用 /NODEFAULTLIB:library
         RemoteClient.vcxproj -> G:\XShell\Debug\RemoteClient.exe
       Manifest:
         C:\Program Files (x86)\Microsoft SDKs\Windows\v7.0A\bin\mt.exe /nologo /verbose /outputresource:"G:\XShell\Debug\RemoteClient.exe;#1" /manifest Debug\RemoteClient.exe.intermediate.manifest
       FinalizeBuildStatus:
         正在删除文件“Debug\RemoteClient.unsuccessfulbuild”。
         正在对“Debug\RemoteClient.lastbuildstate”执行 Touch 任务。
     1>已完成生成项目“G:\XShell\RemoteClient\RemoteClient.vcxproj”(build 个目标)的操作。

生成成功。

已用时间 00:00:00.75
