生成启动时间为 2015/10/24 19:14:18。
     1>项目“G:\XShell\PEStructure\PEStructure.vcxproj”在节点 5 上(build 个目标)。
     1>InitializeBuildStatus:
         正在创建“Release\PEStructure.unsuccessfulbuild”，因为已指定“AlwaysCreate”。
       ClCompile:
         所有输出均为最新。
       Link:
         F:\Program Files (x86)\VS\VC\bin\link.exe /ERRORREPORT:PROMPT /OUT:"G:\XShell\Release\PEStructure.exe" /NOLOGO kernel32.lib user32.lib gdi32.lib winspool.lib comdlg32.lib advapi32.lib shell32.lib ole32.lib oleaut32.lib uuid.lib odbc32.lib odbccp32.lib /MANIFEST /ManifestFile:"Release\PEStructure.exe.intermediate.manifest" /MANIFESTUAC:"level='asInvoker' uiAccess='false'" /DEBUG /PDB:"G:\XShell\Release\PEStructure.pdb" /OPT:REF /OPT:ICF /LTCG /TLBID:1 /DYNAMICBASE /NXCOMPAT /IMPLIB:"G:\XShell\Release\PEStructure.lib" /MACHINE:X86 Release\PEStructure.obj
         Release\__PE_MAIN.obj
         正在生成代码
         已完成代码的生成
         PEStructure.vcxproj -> G:\XShell\Release\PEStructure.exe
       Manifest:
         C:\Program Files (x86)\Microsoft SDKs\Windows\v7.0A\bin\mt.exe /nologo /verbose /outputresource:"G:\XShell\Release\PEStructure.exe;#1" /manifest Release\PEStructure.exe.intermediate.manifest
       FinalizeBuildStatus:
         正在删除文件“Release\PEStructure.unsuccessfulbuild”。
         正在对“Release\PEStructure.lastbuildstate”执行 Touch 任务。
     1>已完成生成项目“G:\XShell\PEStructure\PEStructure.vcxproj”(build 个目标)的操作。

生成成功。

已用时间 00:00:00.82
