生成启动时间为 2015/10/9 23:03:51。
     1>项目“G:\XShell\RemoteControlller\RemoteControlller.vcxproj”在节点 4 上(build 个目标)。
     1>InitializeBuildStatus:
         正在创建“Release\RemoteControlller.unsuccessfulbuild”，因为已指定“AlwaysCreate”。
       ClCompile:
         F:\Program Files (x86)\VS\VC\bin\CL.exe /c /Zi /nologo /W3 /WX- /O2 /Oi /Oy- /GL /D _MBCS /Gm- /EHsc /MD /GS /Gy /fp:precise /Zc:wchar_t /Zc:forScope /Fo"Release\\" /Fd"Release\vc100.pdb" /Gd /TP /analyze- /errorReport:prompt RemoteControllerFrameWork.cpp RemoteControllerNet.cpp __Main.cpp
         RemoteControllerFrameWork.cpp
     1>F:\Program Files (x86)\VS\VC\include\cstdio(48): warning C4995: “gets”: 名称被标记为 #pragma deprecated
     1>F:\Program Files (x86)\VS\VC\include\cstdio(52): warning C4995: “sprintf”: 名称被标记为 #pragma deprecated
     1>F:\Program Files (x86)\VS\VC\include\cstdio(55): warning C4995: “vsprintf”: 名称被标记为 #pragma deprecated
     1>F:\Program Files (x86)\VS\VC\include\cstring(21): warning C4995: “strcat”: 名称被标记为 #pragma deprecated
     1>F:\Program Files (x86)\VS\VC\include\cstring(22): warning C4995: “strcpy”: 名称被标记为 #pragma deprecated
     1>F:\Program Files (x86)\VS\VC\include\cwchar(30): warning C4995: “swprintf”: 名称被标记为 #pragma deprecated
     1>F:\Program Files (x86)\VS\VC\include\cwchar(31): warning C4995: “vswprintf”: 名称被标记为 #pragma deprecated
     1>F:\Program Files (x86)\VS\VC\include\cwchar(33): warning C4995: “wcscat”: 名称被标记为 #pragma deprecated
     1>F:\Program Files (x86)\VS\VC\include\cwchar(35): warning C4995: “wcscpy”: 名称被标记为 #pragma deprecated
     1>F:\Program Files (x86)\VS\VC\include\intrin.h(1087): warning C4995: “wcscat”: 名称被标记为 #pragma deprecated
     1>F:\Program Files (x86)\VS\VC\include\intrin.h(1089): warning C4995: “wcscpy”: 名称被标记为 #pragma deprecated
     1>F:\Program Files (x86)\VS\VC\include\string(757): warning C4995: “swprintf”: 名称被标记为 #pragma deprecated
     1>F:\Program Files (x86)\VS\VC\include\string(766): warning C4995: “swprintf”: 名称被标记为 #pragma deprecated
     1>F:\Program Files (x86)\VS\VC\include\string(775): warning C4995: “swprintf”: 名称被标记为 #pragma deprecated
     1>g:\xshell\remotecontrolller\Cube_Grammar.h(49): warning C4995: “strcpy”: 名称被标记为 #pragma deprecated
     1>g:\xshell\remotecontrolller\Cube_Grammar.h(148): warning C4995: “strcpy”: 名称被标记为 #pragma deprecated
     1>g:\xshell\remotecontrolller\Cube_Grammar.h(49): warning C4996: 'strcpy': This function or variable may be unsafe. Consider using strcpy_s instead. To disable deprecation, use _CRT_SECURE_NO_WARNINGS. See online help for details.
                 F:\Program Files (x86)\VS\VC\include\string.h(105) : 参见“strcpy”的声明
     1>g:\xshell\remotecontrolller\Cube_Grammar.h(148): warning C4996: 'strcpy': This function or variable may be unsafe. Consider using strcpy_s instead. To disable deprecation, use _CRT_SECURE_NO_WARNINGS. See online help for details.
                 F:\Program Files (x86)\VS\VC\include\string.h(105) : 参见“strcpy”的声明
     1>g:\xshell\remotecontrolller\Cube_Grammar.h(387): warning C4995: “strcpy”: 名称被标记为 #pragma deprecated
     1>g:\xshell\remotecontrolller\Cube_Grammar.h(387): warning C4996: 'strcpy': This function or variable may be unsafe. Consider using strcpy_s instead. To disable deprecation, use _CRT_SECURE_NO_WARNINGS. See online help for details.
                 F:\Program Files (x86)\VS\VC\include\string.h(105) : 参见“strcpy”的声明
     1>g:\xshell\remotecontrolller\../Common/inc/RemoteShellNetPacket.h(104): warning C4995: “strcpy”: 名称被标记为 #pragma deprecated
     1>g:\xshell\remotecontrolller\../Common/inc/RemoteShellNetPacket.h(104): warning C4996: 'strcpy': This function or variable may be unsafe. Consider using strcpy_s instead. To disable deprecation, use _CRT_SECURE_NO_WARNINGS. See online help for details.
                 F:\Program Files (x86)\VS\VC\include\string.h(105) : 参见“strcpy”的声明
     1>RemoteControllerFrameWork.cpp(88): warning C4996: 'strlwr': The POSIX name for this item is deprecated. Instead, use the ISO C++ conformant name: _strlwr. See online help for details.
                 F:\Program Files (x86)\VS\VC\include\string.h(247) : 参见“strlwr”的声明
     1>RemoteControllerFrameWork.cpp(382): warning C4995: “strcpy”: 名称被标记为 #pragma deprecated
     1>RemoteControllerFrameWork.cpp(382): warning C4996: 'strcpy': This function or variable may be unsafe. Consider using strcpy_s instead. To disable deprecation, use _CRT_SECURE_NO_WARNINGS. See online help for details.
                 F:\Program Files (x86)\VS\VC\include\string.h(105) : 参见“strcpy”的声明
     1>RemoteControllerFrameWork.cpp(399): warning C4995: “strcpy”: 名称被标记为 #pragma deprecated
     1>RemoteControllerFrameWork.cpp(399): warning C4996: 'strcpy': This function or variable may be unsafe. Consider using strcpy_s instead. To disable deprecation, use _CRT_SECURE_NO_WARNINGS. See online help for details.
                 F:\Program Files (x86)\VS\VC\include\string.h(105) : 参见“strcpy”的声明
     1>RemoteControllerFrameWork.cpp(400): warning C4995: “strcat”: 名称被标记为 #pragma deprecated
     1>RemoteControllerFrameWork.cpp(400): warning C4996: 'strcat': This function or variable may be unsafe. Consider using strcat_s instead. To disable deprecation, use _CRT_SECURE_NO_WARNINGS. See online help for details.
                 F:\Program Files (x86)\VS\VC\include\string.h(110) : 参见“strcat”的声明
         RemoteControllerNet.cpp
     1>F:\Program Files (x86)\VS\VC\include\cstdio(48): warning C4995: “gets”: 名称被标记为 #pragma deprecated
     1>F:\Program Files (x86)\VS\VC\include\cstdio(52): warning C4995: “sprintf”: 名称被标记为 #pragma deprecated
     1>F:\Program Files (x86)\VS\VC\include\cstdio(55): warning C4995: “vsprintf”: 名称被标记为 #pragma deprecated
     1>F:\Program Files (x86)\VS\VC\include\cstring(21): warning C4995: “strcat”: 名称被标记为 #pragma deprecated
     1>F:\Program Files (x86)\VS\VC\include\cstring(22): warning C4995: “strcpy”: 名称被标记为 #pragma deprecated
     1>F:\Program Files (x86)\VS\VC\include\cwchar(30): warning C4995: “swprintf”: 名称被标记为 #pragma deprecated
     1>F:\Program Files (x86)\VS\VC\include\cwchar(31): warning C4995: “vswprintf”: 名称被标记为 #pragma deprecated
     1>F:\Program Files (x86)\VS\VC\include\cwchar(33): warning C4995: “wcscat”: 名称被标记为 #pragma deprecated
     1>F:\Program Files (x86)\VS\VC\include\cwchar(35): warning C4995: “wcscpy”: 名称被标记为 #pragma deprecated
     1>F:\Program Files (x86)\VS\VC\include\intrin.h(1087): warning C4995: “wcscat”: 名称被标记为 #pragma deprecated
     1>F:\Program Files (x86)\VS\VC\include\intrin.h(1089): warning C4995: “wcscpy”: 名称被标记为 #pragma deprecated
     1>F:\Program Files (x86)\VS\VC\include\string(757): warning C4995: “swprintf”: 名称被标记为 #pragma deprecated
     1>F:\Program Files (x86)\VS\VC\include\string(766): warning C4995: “swprintf”: 名称被标记为 #pragma deprecated
     1>F:\Program Files (x86)\VS\VC\include\string(775): warning C4995: “swprintf”: 名称被标记为 #pragma deprecated
     1>g:\xshell\remotecontrolller\Cube_Grammar.h(49): warning C4995: “strcpy”: 名称被标记为 #pragma deprecated
     1>g:\xshell\remotecontrolller\Cube_Grammar.h(148): warning C4995: “strcpy”: 名称被标记为 #pragma deprecated
     1>g:\xshell\remotecontrolller\Cube_Grammar.h(49): warning C4996: 'strcpy': This function or variable may be unsafe. Consider using strcpy_s instead. To disable deprecation, use _CRT_SECURE_NO_WARNINGS. See online help for details.
                 F:\Program Files (x86)\VS\VC\include\string.h(105) : 参见“strcpy”的声明
     1>g:\xshell\remotecontrolller\Cube_Grammar.h(148): warning C4996: 'strcpy': This function or variable may be unsafe. Consider using strcpy_s instead. To disable deprecation, use _CRT_SECURE_NO_WARNINGS. See online help for details.
                 F:\Program Files (x86)\VS\VC\include\string.h(105) : 参见“strcpy”的声明
     1>g:\xshell\remotecontrolller\Cube_Grammar.h(387): warning C4995: “strcpy”: 名称被标记为 #pragma deprecated
     1>g:\xshell\remotecontrolller\Cube_Grammar.h(387): warning C4996: 'strcpy': This function or variable may be unsafe. Consider using strcpy_s instead. To disable deprecation, use _CRT_SECURE_NO_WARNINGS. See online help for details.
                 F:\Program Files (x86)\VS\VC\include\string.h(105) : 参见“strcpy”的声明
     1>g:\xshell\remotecontrolller\../Common/inc/RemoteShellNetPacket.h(104): warning C4995: “strcpy”: 名称被标记为 #pragma deprecated
     1>g:\xshell\remotecontrolller\../Common/inc/RemoteShellNetPacket.h(104): warning C4996: 'strcpy': This function or variable may be unsafe. Consider using strcpy_s instead. To disable deprecation, use _CRT_SECURE_NO_WARNINGS. See online help for details.
                 F:\Program Files (x86)\VS\VC\include\string.h(105) : 参见“strcpy”的声明
         __Main.cpp
     1>F:\Program Files (x86)\VS\VC\include\cstdio(48): warning C4995: “gets”: 名称被标记为 #pragma deprecated
     1>F:\Program Files (x86)\VS\VC\include\cstdio(52): warning C4995: “sprintf”: 名称被标记为 #pragma deprecated
     1>F:\Program Files (x86)\VS\VC\include\cstdio(55): warning C4995: “vsprintf”: 名称被标记为 #pragma deprecated
     1>F:\Program Files (x86)\VS\VC\include\cstring(21): warning C4995: “strcat”: 名称被标记为 #pragma deprecated
     1>F:\Program Files (x86)\VS\VC\include\cstring(22): warning C4995: “strcpy”: 名称被标记为 #pragma deprecated
     1>F:\Program Files (x86)\VS\VC\include\cwchar(30): warning C4995: “swprintf”: 名称被标记为 #pragma deprecated
     1>F:\Program Files (x86)\VS\VC\include\cwchar(31): warning C4995: “vswprintf”: 名称被标记为 #pragma deprecated
     1>F:\Program Files (x86)\VS\VC\include\cwchar(33): warning C4995: “wcscat”: 名称被标记为 #pragma deprecated
     1>F:\Program Files (x86)\VS\VC\include\cwchar(35): warning C4995: “wcscpy”: 名称被标记为 #pragma deprecated
     1>F:\Program Files (x86)\VS\VC\include\intrin.h(1087): warning C4995: “wcscat”: 名称被标记为 #pragma deprecated
     1>F:\Program Files (x86)\VS\VC\include\intrin.h(1089): warning C4995: “wcscpy”: 名称被标记为 #pragma deprecated
     1>F:\Program Files (x86)\VS\VC\include\string(757): warning C4995: “swprintf”: 名称被标记为 #pragma deprecated
     1>F:\Program Files (x86)\VS\VC\include\string(766): warning C4995: “swprintf”: 名称被标记为 #pragma deprecated
     1>F:\Program Files (x86)\VS\VC\include\string(775): warning C4995: “swprintf”: 名称被标记为 #pragma deprecated
     1>g:\xshell\remotecontrolller\Cube_Grammar.h(49): warning C4995: “strcpy”: 名称被标记为 #pragma deprecated
     1>g:\xshell\remotecontrolller\Cube_Grammar.h(148): warning C4995: “strcpy”: 名称被标记为 #pragma deprecated
     1>g:\xshell\remotecontrolller\Cube_Grammar.h(49): warning C4996: 'strcpy': This function or variable may be unsafe. Consider using strcpy_s instead. To disable deprecation, use _CRT_SECURE_NO_WARNINGS. See online help for details.
                 F:\Program Files (x86)\VS\VC\include\string.h(105) : 参见“strcpy”的声明
     1>g:\xshell\remotecontrolller\Cube_Grammar.h(148): warning C4996: 'strcpy': This function or variable may be unsafe. Consider using strcpy_s instead. To disable deprecation, use _CRT_SECURE_NO_WARNINGS. See online help for details.
                 F:\Program Files (x86)\VS\VC\include\string.h(105) : 参见“strcpy”的声明
     1>g:\xshell\remotecontrolller\Cube_Grammar.h(387): warning C4995: “strcpy”: 名称被标记为 #pragma deprecated
     1>g:\xshell\remotecontrolller\Cube_Grammar.h(387): warning C4996: 'strcpy': This function or variable may be unsafe. Consider using strcpy_s instead. To disable deprecation, use _CRT_SECURE_NO_WARNINGS. See online help for details.
                 F:\Program Files (x86)\VS\VC\include\string.h(105) : 参见“strcpy”的声明
     1>g:\xshell\remotecontrolller\../Common/inc/RemoteShellNetPacket.h(104): warning C4995: “strcpy”: 名称被标记为 #pragma deprecated
     1>g:\xshell\remotecontrolller\../Common/inc/RemoteShellNetPacket.h(104): warning C4996: 'strcpy': This function or variable may be unsafe. Consider using strcpy_s instead. To disable deprecation, use _CRT_SECURE_NO_WARNINGS. See online help for details.
                 F:\Program Files (x86)\VS\VC\include\string.h(105) : 参见“strcpy”的声明
     1>__Main.cpp(17): warning C4995: “gets”: 名称被标记为 #pragma deprecated
     1>__Main.cpp(17): warning C4996: 'gets': This function or variable may be unsafe. Consider using gets_s instead. To disable deprecation, use _CRT_SECURE_NO_WARNINGS. See online help for details.
                 F:\Program Files (x86)\VS\VC\include\stdio.h(277) : 参见“gets”的声明
       Link:
         F:\Program Files (x86)\VS\VC\bin\link.exe /ERRORREPORT:PROMPT /OUT:"G:\XShell\Release\RemoteControlller.exe" /NOLOGO kernel32.lib user32.lib gdi32.lib winspool.lib comdlg32.lib advapi32.lib shell32.lib ole32.lib oleaut32.lib uuid.lib odbc32.lib odbccp32.lib /MANIFEST /ManifestFile:"Release\RemoteControlller.exe.intermediate.manifest" /MANIFESTUAC:"level='asInvoker' uiAccess='false'" /DEBUG /PDB:"G:\XShell\Release\RemoteControlller.pdb" /OPT:REF /OPT:ICF /LTCG /TLBID:1 /DYNAMICBASE /NXCOMPAT /IMPLIB:"G:\XShell\Release\RemoteControlller.lib" /MACHINE:X86 Release\Cube_Lexer.obj
         Release\RemoteControllerFrameWork.obj
         Release\RemoteControllerNet.obj
         Release\__Main.obj
         G:\XShell\Release\CubeSocket.lib
     1>LINK : warning LNK4098: 默认库“LIBCMT”与其他库的使用冲突；请使用 /NODEFAULTLIB:library
         正在生成代码
         已完成代码的生成
         RemoteControlller.vcxproj -> G:\XShell\Release\RemoteControlller.exe
       Manifest:
         C:\Program Files (x86)\Microsoft SDKs\Windows\v7.0A\bin\mt.exe /nologo /verbose /outputresource:"G:\XShell\Release\RemoteControlller.exe;#1" /manifest Release\RemoteControlller.exe.intermediate.manifest
       FinalizeBuildStatus:
         正在删除文件“Release\RemoteControlller.unsuccessfulbuild”。
         正在对“Release\RemoteControlller.lastbuildstate”执行 Touch 任务。
     1>已完成生成项目“G:\XShell\RemoteControlller\RemoteControlller.vcxproj”(build 个目标)的操作。

生成成功。

已用时间 00:00:02.18
