D:\XSHELL\DEBUG\REMOTECONTROLLLER.EXE
D:\XSHELL\DEBUG\REMOTECONTROLLLER.ILK
D:\XSHELL\DEBUG\REMOTECONTROLLLER.PDB
D:\XSHELL\REMOTECONTROLLLER\DEBUG\__MAIN.OBJ
D:\XShell\RemoteControlller\Debug\cl.command.1.tlog
D:\XShell\RemoteControlller\Debug\CL.read.1.tlog
D:\XShell\RemoteControlller\Debug\CL.write.1.tlog
D:\XSHELL\REMOTECONTROLLLER\DEBUG\CUBE_LEXER.OBJ
D:\XShell\RemoteControlller\Debug\link.command.1.tlog
D:\XShell\RemoteControlller\Debug\link.read.1.tlog
D:\XShell\RemoteControlller\Debug\link.write.1.tlog
D:\XShell\RemoteControlller\Debug\mt.command.1.tlog
D:\XShell\RemoteControlller\Debug\mt.read.1.tlog
D:\XShell\RemoteControlller\Debug\mt.write.1.tlog
D:\XSHELL\REMOTECONTROLLLER\DEBUG\REMOTECONTROLLERFRAMEWORK.OBJ
D:\XSHELL\REMOTECONTROLLLER\DEBUG\REMOTECONTROLLERNET.OBJ
D:\XSHELL\REMOTECONTROLLLER\DEBUG\REMOTECONTROLLLER.EXE.INTERMEDIATE.MANIFEST
D:\XShell\RemoteControlller\Debug\RemoteControlller.write.1.tlog
D:\XShell\RemoteControlller\Debug\vc100.idb
D:\XSHELL\REMOTECONTROLLLER\DEBUG\VC100.PDB
