生成启动时间为 2015/10/22 21:35:50。
     1>项目“G:\XShell\PEStructure\PEStructure.vcxproj”在节点 2 上(build 个目标)。
     1>InitializeBuildStatus:
         正在创建“Debug\PEStructure.unsuccessfulbuild”，因为已指定“AlwaysCreate”。
       ClCompile:
         F:\Program Files (x86)\VS\VC\bin\CL.exe /c /ZI /nologo /W3 /WX- /Od /Oy- /D _MBCS /Gm /EHsc /RTC1 /MDd /GS /fp:precise /Zc:wchar_t /Zc:forScope /Fo"Debug\\" /Fd"Debug\vc100.pdb" /Gd /TP /analyze- /errorReport:prompt PEStructure.cpp
         PEStructure.cpp
     1>g:\xshell\pestructure\pestructure.cpp(8): warning C4996: 'fopen': This function or variable may be unsafe. Consider using fopen_s instead. To disable deprecation, use _CRT_SECURE_NO_WARNINGS. See online help for details.
                 f:\program files (x86)\vs\vc\include\stdio.h(234) : 参见“fopen”的声明
       Link:
         F:\Program Files (x86)\VS\VC\bin\link.exe /ERRORREPORT:PROMPT /OUT:"G:\XShell\Debug\PEStructure.exe" /NOLOGO kernel32.lib user32.lib gdi32.lib winspool.lib comdlg32.lib advapi32.lib shell32.lib ole32.lib oleaut32.lib uuid.lib odbc32.lib odbccp32.lib /MANIFEST /ManifestFile:"Debug\PEStructure.exe.intermediate.manifest" /MANIFESTUAC:"level='asInvoker' uiAccess='false'" /DEBUG /PDB:"G:\XShell\Debug\PEStructure.pdb" /TLBID:1 /DYNAMICBASE /NXCOMPAT /IMPLIB:"G:\XShell\Debug\PEStructure.lib" /MACHINE:X86 Debug\PEStructure.obj
         Debug\__PE_MAIN.obj
         LINK : 没有找到 G:\XShell\Debug\PEStructure.exe 或上一个增量链接没有生成它；正在执行完全链接
         PEStructure.vcxproj -> G:\XShell\Debug\PEStructure.exe
       Manifest:
         C:\Program Files (x86)\Microsoft SDKs\Windows\v7.0A\bin\mt.exe /nologo /verbose /outputresource:"G:\XShell\Debug\PEStructure.exe;#1" /manifest Debug\PEStructure.exe.intermediate.manifest
       FinalizeBuildStatus:
         正在删除文件“Debug\PEStructure.unsuccessfulbuild”。
         正在对“Debug\PEStructure.lastbuildstate”执行 Touch 任务。
     1>已完成生成项目“G:\XShell\PEStructure\PEStructure.vcxproj”(build 个目标)的操作。

生成成功。

已用时间 00:00:00.16
