D:\XSHELL\RELEASE\XSHELLREDIRCALLER.EXE
D:\XSHELL\RELEASE\XSHELLREDIRCALLER.PDB
D:\XSHELL\XSHELLREDIRCALLER\RELEASE\__MAIN.OBJ
D:\XShell\XShellRedirCaller\Release\cl.command.1.tlog
D:\XShell\XShellRedirCaller\Release\CL.read.1.tlog
D:\XShell\XShellRedirCaller\Release\CL.write.1.tlog
D:\XShell\XShellRedirCaller\Release\link.command.1.tlog
D:\XShell\XShellRedirCaller\Release\link.read.1.tlog
D:\XShell\XShellRedirCaller\Release\link.write.1.tlog
D:\XShell\XShellRedirCaller\Release\link-cvtres.read.1.tlog
D:\XShell\XShellRedirCaller\Release\link-cvtres.write.1.tlog
D:\XShell\XShellRedirCaller\Release\mt.command.1.tlog
D:\XShell\XShellRedirCaller\Release\mt.read.1.tlog
D:\XShell\XShellRedirCaller\Release\mt.write.1.tlog
D:\XShell\XShellRedirCaller\Release\rc.command.1.tlog
D:\XShell\XShellRedirCaller\Release\rc.read.1.tlog
D:\XShell\XShellRedirCaller\Release\rc.write.1.tlog
D:\XSHELL\XSHELLREDIRCALLER\RELEASE\VC100.PDB
D:\XSHELL\XSHELLREDIRCALLER\RELEASE\XSHELLREDIRCALLER.EXE.INTERMEDIATE.MANIFEST
D:\XSHELL\XSHELLREDIRCALLER\RELEASE\XSHELLREDIRCALLER.RES
D:\XShell\XShellRedirCaller\Release\XShellRedirCaller.write.1.tlog
